June 13, 2023 at 4:48:48 AM [REXROX!] error : 🚀 GlobalErrorHandler ~~~ [
  {
    "code": "invalid_type",
    "expected": "string",
    "received": "undefined",
    "path": [
      "body",
      "role"
    ],
    "message": "role is required"
  }
]
June 13, 2023 at 4:49:11 AM [REXROX!] error : 🚀 GlobalErrorHandler ~~~ [
  {
    "code": "invalid_type",
    "expected": "string",
    "received": "undefined",
    "path": [
      "body",
      "role"
    ],
    "message": "role is required"
  }
]
June 13, 2023 at 4:51:51 AM [REXROX!] error : 🚀 GlobalErrorHandler ~~~ [
  {
    "code": "invalid_type",
    "expected": "string",
    "received": "undefined",
    "path": [
      "body",
      "role"
    ],
    "message": "role is required"
  }
]
June 13, 2023 at 4:52:15 AM [REXROX!] error : Academic Semester is already exist !!
June 13, 2023 at 4:53:31 AM [REXROX!] error : Academic Semester is already exist !!
June 13, 2023 at 4:57:08 AM [REXROX!] error : 🚀 GlobalErrorHandler ~~~ [
  {
    "code": "invalid_type",
    "expected": "string",
    "received": "undefined",
    "path": [
      "body",
      "role"
    ],
    "message": "role is required"
  }
]
