June 11, 2023 at 6:07:59 PM [REXROX!] error : 🚀 GlobalErrorHandler ~~~ [
  {
    "code": "invalid_type",
    "expected": "string",
    "received": "undefined",
    "path": [
      "body",
      "role"
    ],
    "message": "role is required"
  }
]
June 11, 2023 at 6:09:07 PM [REXROX!] error : 🚀 GlobalErrorHandler ~~~ [
  {
    "code": "invalid_type",
    "expected": "string",
    "received": "undefined",
    "path": [
      "body",
      "role"
    ],
    "message": "role is required"
  }
]
June 11, 2023 at 6:09:10 PM [REXROX!] error : 🚀 GlobalErrorHandler ~~~ [
  {
    "code": "invalid_type",
    "expected": "string",
    "received": "undefined",
    "path": [
      "body",
      "role"
    ],
    "message": "role is required"
  }
]
June 11, 2023 at 6:09:27 PM [REXROX!] error : 🚀 GlobalErrorHandler ~~~ [
  {
    "code": "invalid_type",
    "expected": "string",
    "received": "undefined",
    "path": [
      "body",
      "role"
    ],
    "message": "role is required"
  }
]
June 11, 2023 at 6:09:30 PM [REXROX!] error : 🚀 GlobalErrorHandler ~~~ [
  {
    "code": "invalid_type",
    "expected": "string",
    "received": "undefined",
    "path": [
      "body",
      "role"
    ],
    "message": "role is required"
  }
]
