June 25, 2023 at 3:06:54 AM [REXROX!] error : 🚀 GlobalErrorHandler ~~~ [
  {
    "code": "invalid_type",
    "expected": "object",
    "received": "undefined",
    "path": [
      "body",
      "guardian"
    ],
    "message": "Required"
  },
  {
    "code": "invalid_type",
    "expected": "object",
    "received": "undefined",
    "path": [
      "body",
      "localGuardian"
    ],
    "message": "Required"
  }
]
June 25, 2023 at 3:10:10 AM [REXROX!] error : 🚀 GlobalErrorHandler ~~~ Student Not found
June 25, 2023 at 3:11:01 AM [REXROX!] error : 🚀 GlobalErrorHandler ~~~ Cast to ObjectId failed for value "020100001" (type string) at path "_id" for model "Student"
June 25, 2023 at 3:11:16 AM [REXROX!] error : 🚀 GlobalErrorHandler ~~~ Student Not found
June 25, 2023 at 3:11:43 AM [REXROX!] error : 🚀 GlobalErrorHandler ~~~ Student Not found
June 25, 2023 at 3:11:53 AM [REXROX!] error : 🚀 GlobalErrorHandler ~~~ Student Not found
